<?xml version="1.0" encoding="UTF-8" ?>

<testsuite failures="0" time="0.578" errors="0" skipped="0" tests="1" name="com.kebuu.UserTest">
  <testcase classname="com.kebuu.UserTest" name="testHasBook" time="0.578">
      </testcase>
</testsuite>
